[debug] [2023-05-26T15:51:46.579Z] ----------------------------------------------------------------------
[debug] [2023-05-26T15:51:46.580Z] Command:       C:\Program Files\nodejs\node.exe C:\Users\prana\AppData\Roaming\npm\node_modules\firebase-tools\lib\bin\firebase.js init
[debug] [2023-05-26T15:51:46.581Z] CLI Version:   12.2.1
[debug] [2023-05-26T15:51:46.581Z] Platform:      win32
[debug] [2023-05-26T15:51:46.581Z] Node Version:  v16.15.0
[debug] [2023-05-26T15:51:46.582Z] Time:          Fri May 26 2023 21:21:46 GMT+0530 (India Standard Time)
[debug] [2023-05-26T15:51:46.582Z] ----------------------------------------------------------------------
[debug] 
[debug] [2023-05-26T15:51:46.638Z] > command requires scopes: ["email","openid","https://www.googleapis.com/auth/cloudplatformprojects.readonly","https://www.googleapis.com/auth/firebase","https://www.googleapis.com/auth/cloud-platform"]
[debug] [2023-05-26T15:51:46.638Z] > authorizing via signed-in user (pranatiyanamandra2000@gmail.com)
[info] 
     ######## #### ########  ######## ########     ###     ######  ########
     ##        ##  ##     ## ##       ##     ##  ##   ##  ##       ##
     ######    ##  ########  ######   ########  #########  ######  ######
     ##        ##  ##    ##  ##       ##     ## ##     ##       ## ##
     ##       #### ##     ## ######## ########  ##     ##  ######  ########

You're about to initialize a Firebase project in this directory:

  C:\Users\prana\Desktop\Pranati\College Work\Thoughtworks\Preread\Project\experiment\tutedude

Before we get started, keep in mind:

  * You are initializing within an existing Firebase project directory

[info] 
=== Project Setup
[info] 
[info] First, let's associate this project directory with a Firebase project.
[info] You can create multiple project aliases by running firebase use --add, 
[info] but for now we'll just set up a default project.
[info] 
[debug] [2023-05-26T15:51:50.891Z] Using project from CLI flag: tutedude-1b29d
[debug] [2023-05-26T15:51:50.893Z] >>> [apiv2][query] GET https://firebase.googleapis.com/v1beta1/projects/tutedude-1b29d [none]
[debug] [2023-05-26T15:51:51.369Z] <<< [apiv2][status] GET https://firebase.googleapis.com/v1beta1/projects/tutedude-1b29d 200
[debug] [2023-05-26T15:51:51.369Z] <<< [apiv2][body] GET https://firebase.googleapis.com/v1beta1/projects/tutedude-1b29d {"projectId":"tutedude-1b29d","projectNumber":"22414698108","displayName":"Tutedude","name":"projects/tutedude-1b29d","resources":{"hostingSite":"tutedude-1b29d"},"state":"ACTIVE","etag":"1_170e9ca8-97e9-4d62-bfd0-a29cd155610b"}
[info] i  Using project tutedude-1b29d (Tutedude) 
[info] 
=== Hosting Setup
[info] 
[info] Your public directory is the folder (relative to your project directory) that
[info] will contain Hosting assets to be uploaded with firebase deploy. If you
[info] have a build process for your assets, use your build's output directory.
[info] 
[debug] [2023-05-26T15:51:59.663Z] >>> [apiv2][query] GET https://www.gstatic.com/firebasejs/releases.json [none]
[debug] [2023-05-26T15:51:59.806Z] <<< [apiv2][status] GET https://www.gstatic.com/firebasejs/releases.json 200
[debug] [2023-05-26T15:51:59.806Z] <<< [apiv2][body] GET https://www.gstatic.com/firebasejs/releases.json {"current":{"version":"9.22.1","browserURL":"https://www.gstatic.com/firebasejs/9.22.1/firebase.js","packageURL":"https://www.gstatic.com/firebasejs/9.22.1/firebase.tgz"},"live":{"version":"9.22","browserURL":"https://www.gstatic.com/firebasejs/live/9.22/firebase.js","packageURL":"https://www.gstatic.com/firebasejs/live/9.22/firebase.tgz"},"components":{"analytics":"https://www.gstatic.com/firebasejs/9.22.1/firebase-analytics.js","app":"https://www.gstatic.com/firebasejs/9.22.1/firebase-app.js","app-check":"https://www.gstatic.com/firebasejs/9.22.1/firebase-app-check.js","auth":"https://www.gstatic.com/firebasejs/9.22.1/firebase-auth.js","auth/cordova":"https://www.gstatic.com/firebasejs/9.22.1/firebase-auth/cordova.js","auth/react-native":"https://www.gstatic.com/firebasejs/9.22.1/firebase-auth/react-native.js","functions":"https://www.gstatic.com/firebasejs/9.22.1/firebase-functions.js","firestore":"https://www.gstatic.com/firebasejs/9.22.1/firebase-firestore.js","firestore/lite":"https://www.gstatic.com/firebasejs/9.22.1/firebase-firestore/lite.js","installations":"https://www.gstatic.com/firebasejs/9.22.1/firebase-installations.js","storage":"https://www.gstatic.com/firebasejs/9.22.1/firebase-storage.js","performance":"https://www.gstatic.com/firebasejs/9.22.1/firebase-performance.js","remote-config":"https://www.gstatic.com/firebasejs/9.22.1/firebase-remote-config.js","messaging":"https://www.gstatic.com/firebasejs/9.22.1/firebase-messaging.js","messaging/sw":"https://www.gstatic.com/firebasejs/9.22.1/firebase-messaging/sw.js","database":"https://www.gstatic.com/firebasejs/9.22.1/firebase-database.js","firestore.memory":"https://www.gstatic.com/firebasejs/9.22.1/firebase-firestore.memory.js"}}
[info] i  Skipping write of build/index.html 
[info] 
[info] i  Detected a .git folder at C:\Users\prana\Desktop\Pranati\College Work\Thoughtworks\Preread\Project\experiment\tutedude 
[info] i  Authorizing with GitHub to upload your service account to a GitHub repository's secrets store. 
[info] 
[info] Visit this URL on this device to log in:
[info] https://github.com/login/oauth/authorize?client_id=89cf50f02ac6aaed3484&state=413418451&redirect_uri=http%3A%2F%2Flocalhost%3A9005&scope=read%3Auser%20repo%20public_repo
[info] 
[info] Waiting for authentication...
[debug] [2023-05-26T15:52:02.160Z] >>> [apiv2][query] POST https://github.com/login/oauth/access_token [none]
[debug] [2023-05-26T15:52:02.161Z] >>> [apiv2][body] POST https://github.com/login/oauth/access_token [stream]
[debug] [2023-05-26T15:52:02.548Z] <<< [apiv2][status] POST https://github.com/login/oauth/access_token 200
[debug] [2023-05-26T15:52:02.548Z] <<< [apiv2][body] POST https://github.com/login/oauth/access_token {"access_token":"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","token_type":"bearer","scope":"read:user,repo"}
[debug] [2023-05-26T15:52:02.552Z] >>> [apiv2][query] GET https://api.github.com/user [none]
[debug] [2023-05-26T15:52:02.943Z] <<< [apiv2][status] GET https://api.github.com/user 200
[debug] [2023-05-26T15:52:02.944Z] <<< [apiv2][body] GET https://api.github.com/user {"login":"pranatiyanamandra","id":53010156,"node_id":"MDQ6VXNlcjUzMDEwMTU2","avatar_url":"https://avatars.githubusercontent.com/u/53010156?v=4","gravatar_id":"","url":"https://api.github.com/users/pranatiyanamandra","html_url":"https://github.com/pranatiyanamandra","followers_url":"https://api.github.com/users/pranatiyanamandra/followers","following_url":"https://api.github.com/users/pranatiyanamandra/following{/other_user}","gists_url":"https://api.github.com/users/pranatiyanamandra/gists{/gist_id}","starred_url":"https://api.github.com/users/pranatiyanamandra/starred{/owner}{/repo}","subscriptions_url":"https://api.github.com/users/pranatiyanamandra/subscriptions","organizations_url":"https://api.github.com/users/pranatiyanamandra/orgs","repos_url":"https://api.github.com/users/pranatiyanamandra/repos","events_url":"https://api.github.com/users/pranatiyanamandra/events{/privacy}","received_events_url":"https://api.github.com/users/pranatiyanamandra/received_events","type":"User","site_admin":false,"name":"Yanamandra Pranati","company":null,"blog":"","location":null,"email":null,"hireable":null,"bio":null,"twitter_username":null,"public_repos":7,"public_gists":0,"followers":0,"following":0,"created_at":"2019-07-17T14:36:39Z","updated_at":"2023-04-28T14:09:18Z","private_gists":0,"total_private_repos":8,"owned_private_repos":8,"disk_usage":852,"collaborators":0,"two_factor_authentication":false,"plan":{"name":"free","space":976562499,"collaborators":0,"private_repos":10000}}
[info] 
[info] +  Success! Logged into GitHub as pranatiyanamandra 
[info] 
